<?xml version="1.0" encoding="UTF-8"?>
<!-- Generated by org.testng.reporters.JUnitXMLReporter -->
<testsuite ignored="0" hostname="AIPLLAP423" failures="0" tests="2" name="Testing on edge" time="0.166" errors="0" timestamp="2024-07-30T20:33:54 IST">
  <testcase classname="selennium.ParallelExecution" name="@BeforeMethod Openbrowser" time="-1.722351834411E9">
    <failure type="org.testng.TestNGException" message="
Can inject only one of &amp;lt;ITestContext, XmlTest, Method, Object[], ITestResult&amp;gt; into a @BeforeMethod annotated Openbrowser.
For more information on native dependency injection please refer to https://testng.org/doc/documentation-main.html#native-dependency-injection">
      <![CDATA[org.testng.TestNGException: 
Can inject only one of <ITestContext, XmlTest, Method, Object[], ITestResult> into a @BeforeMethod annotated Openbrowser.
For more information on native dependency injection please refer to https://testng.org/doc/documentation-main.html#native-dependency-injection
at java.base/java.util.ArrayList.forEach(ArrayList.java:1511)
at java.base/java.util.concurrent.FutureTask.run(FutureTask.java:264)
at java.base/java.util.concurrent.ThreadPoolExecutor.runWorker(ThreadPoolExecutor.java:1136)
at java.base/java.util.concurrent.ThreadPoolExecutor$Worker.run(ThreadPoolExecutor.java:635)
at java.base/java.lang.Thread.run(Thread.java:833)
... Removed 19 stack frames]]>
    </failure>
  </testcase> <!-- @BeforeMethod Openbrowser -->
  <testcase classname="selennium.ParallelExecution" name="@AfterMethod terminate" time="-1.722351834463E9">
    <skipped/>
  </testcase> <!-- @AfterMethod terminate -->
  <testcase classname="selennium.ParallelExecution" name="@BeforeMethod Openbrowser" time="-1.722351834477E9">
    <failure type="org.testng.TestNGException" message="
Can inject only one of &amp;lt;ITestContext, XmlTest, Method, Object[], ITestResult&amp;gt; into a @BeforeMethod annotated Openbrowser.
For more information on native dependency injection please refer to https://testng.org/doc/documentation-main.html#native-dependency-injection">
      <![CDATA[org.testng.TestNGException: 
Can inject only one of <ITestContext, XmlTest, Method, Object[], ITestResult> into a @BeforeMethod annotated Openbrowser.
For more information on native dependency injection please refer to https://testng.org/doc/documentation-main.html#native-dependency-injection
at java.base/java.util.ArrayList.forEach(ArrayList.java:1511)
at java.base/java.util.concurrent.FutureTask.run(FutureTask.java:264)
at java.base/java.util.concurrent.ThreadPoolExecutor.runWorker(ThreadPoolExecutor.java:1136)
at java.base/java.util.concurrent.ThreadPoolExecutor$Worker.run(ThreadPoolExecutor.java:635)
at java.base/java.lang.Thread.run(Thread.java:833)
... Removed 19 stack frames]]>
    </failure>
  </testcase> <!-- @BeforeMethod Openbrowser -->
  <testcase classname="selennium.ParallelExecution" name="@AfterMethod terminate" time="-1.722351834511E9">
    <skipped/>
  </testcase> <!-- @AfterMethod terminate -->
  <testcase classname="selennium.TestCase1" name="verify_TitleLogo" time="0.0">
    <skipped/>
  </testcase> <!-- verify_TitleLogo -->
  <testcase classname="selennium.TestCase2" name="click_on_Account_link" time="0.0">
    <skipped/>
  </testcase> <!-- click_on_Account_link -->
</testsuite> <!-- Testing on edge -->
